Set parameter TokenServer to value "opt-license.discovery.wisc.edu"
Set parameter LazyConstraints to value 1
Set parameter TimeLimit to value 600
Gurobi Optimizer version 9.5.1 build v9.5.1rc2 (linux64)
Thread count: 40 physical cores, 80 logical processors, using up to 32 threads
Optimize a model with 1681 rows, 1600 columns and 6360 nonzeros
Model fingerprint: 0xb4bd1dc0
Variable types: 0 continuous, 1600 integer (1600 binary)
Coefficient statistics:
  Matrix range     [1e+00, 7e+02]
  Objective range  [1e+00, 8e+00]
  Bounds range     [1e+00, 1e+00]
  RHS range        [1e+00, 8e+00]
Presolve removed 161 rows and 0 columns
Presolve time: 0.03s
Presolved: 1520 rows, 1600 columns, 6781 nonzeros
Variable types: 0 continuous, 1600 integer (1600 binary)

Root relaxation: objective 3.474955e+01, 430 iterations, 0.02 seconds (0.02 work units)

    Nodes    |    Current Node    |     Objective Bounds      |     Work
 Expl Unexpl |  Obj  Depth IntInf | Incumbent    BestBd   Gap | It/Node Time

     0     0   34.74955    0  132          -   34.74955      -     -    0s
     0     0   35.15058    0  152          -   35.15058      -     -    0s
     0     0   35.52290    0  152          -   35.52290      -     -    0s
     0     0   35.93665    0  147          -   35.93665      -     -    0s
     0     0   35.93730    0  147          -   35.93730      -     -    0s
     0     0   36.10663    0  145          -   36.10663      -     -    0s
     0     0   36.11737    0  148          -   36.11737      -     -    0s
     0     0   36.14469    0  150          -   36.14469      -     -    0s
     0     0   36.14788    0  154          -   36.14788      -     -    0s
     0     0   36.14788    0  154          -   36.14788      -     -    0s
     0     2   36.16413    0  154          -   36.16413      -     -    1s
  4306  3908   59.84870   61  160          -   36.56711      -  23.4    5s
  7954  6211   42.56341   77   22          -   36.80333      -  30.7   10s
 21812 15448   37.15382   25   55          -   36.91569      -  33.9   15s
 36474 27724   40.58410   42   79          -   37.27772      -  37.3   20s
 50310 39907   44.16686   48   17          -   37.41578      -  40.0   25s
 71489 56708   41.35022   57   95          -   37.52107      -  42.2   30s
 87285 69244   46.36214   89   59          -   37.60284      -  43.7   35s
 111000 86750   44.57583   36   63          -   37.67158      -  45.2   40s
 131164 102521   38.08958   26   31          -   37.75745      -  45.8   45s
 149644 116281   68.45495   76   16          -   37.80037      -  46.6   50s
 170360 132118   40.40561   40  130          -   37.85300      -  47.4   55s
 190838 147331   43.69796   61   33          -   37.89111      -  48.0   60s
 214108 164005   39.36055   40    7          -   37.92858      -  48.5   65s
 233797 179011   40.57779   30   87          -   37.95818      -  49.1   70s
 255492 195726   40.72053   30   93          -   38.00082      -  49.5   75s
 275587 210553   40.74056   38   29          -   38.03687      -  49.8   80s
 294889 225381   43.13419   66   36          -   38.06495      -  50.0   85s
 316760 241664   77.64310   71   32          -   38.09118      -  50.4   90s
 338511 256999   53.29665   72   33          -   38.11891      -  50.6   95s
 356249 268727   53.17410   97   75          -   38.13927      -  50.8  100s
 375320 284937   40.86905   33   83          -   38.16205      -  51.1  105s
 396958 300501   46.02075   30   98          -   38.18410      -  51.4  110s
 412649 312267   52.52915   68   42          -   38.20099      -  51.6  115s
 433437 327199   48.40398   76   70          -   38.22333      -  51.6  120s
 456722 344415   50.28669   58   27          -   38.24800      -  51.6  125s
 475982 358566   66.08061   92   54          -   38.26662      -  51.7  130s
 497174 374260   41.60282   37   72          -   38.29146      -  51.8  135s
 518194 390127   45.29457   84   65          -   38.30949      -  51.9  140s
 536825 403838   68.43176   89   24          -   38.32938      -  51.9  145s
 558282 419761   60.69742   83   59          -   38.34997      -  52.0  150s
 577292 434133   46.62884   64   42          -   38.36641      -  52.1  155s
 594494 447396   47.51582   38   35          -   38.37994      -  52.2  160s
 616236 464052   52.87465   63   43          -   38.39731      -  52.1  165s
 635194 478435   65.03039   81   44          -   38.40808      -  52.2  170s
 655371 493853   59.66766   96   27          -   38.42286      -  52.3  175s
 674687 508895   54.27217   51   28          -   38.43670      -  52.3  180s
 694154 523501   41.39944   46   57          -   38.45022      -  52.3  185s
 715786 540001   67.93931   93   22          -   38.46424      -  52.3  190s
 735689 555289   50.77232   78   52          -   38.47706      -  52.3  195s
 756667 571455   67.24336   85   31          -   38.48886      -  52.3  200s
 776622 585172   53.40739   67   31          -   38.49890      -  52.3  205s
 794375 599994   39.10931   35   77          -   38.50773      -  52.3  210s
 815835 616199   40.00797   49    8          -   38.52344      -  52.3  215s
 835012 631354   77.43665   91   44          -   38.53128      -  52.3  220s
 854709 646373   53.13982   67   49          -   38.54376      -  52.3  225s
 873125 660619   49.30795   66   48          -   38.55075      -  52.4  230s
 890415 673509   42.16551   56   95          -   38.55675      -  52.4  235s
 910812 687895   71.64867  129   16          -   38.56802      -  52.4  240s
 929152 704266   41.00751   49   89          -   38.57611      -  52.4  245s
 946963 718045   61.02103   99   38          -   38.58453      -  52.4  250s
 967368 733034   40.67757   39   92          -   38.59199      -  52.4  255s
 985462 747116   52.38903   76   49          -   38.59939      -  52.4  260s
 1003501 761301   39.70482   31   89          -   38.60600      -  52.4  265s
 1023777 777522   44.85009   53   84          -   38.61496      -  52.4  270s
 1044389 793304 infeasible   85               -   38.62320      -  52.4  275s
 1064838 808250   53.98797   70   31          -   38.63057      -  52.4  280s
 1085990 825310   41.34225   56   57          -   38.63884      -  52.5  285s
 1106078 841202   39.40308   34   16          -   38.64604      -  52.5  290s
 1125694 856842   43.80102   50   80          -   38.65239      -  52.5  295s
 1144258 871200   62.11948   92   71          -   38.65838      -  52.5  300s
 1158170 882426   49.47459  136   40          -   38.66325      -  52.6  305s
 1177540 896958   40.34317   40   29          -   38.66949      -  52.6  311s
 1193599 910716   47.87397   59   52          -   38.67683      -  52.5  315s
 1213407 925415   51.75776  113   50          -   38.68268      -  52.5  320s
 1230888 940007   52.64758   68   38          -   38.68963      -  52.4  325s
 1249484 954456   55.99151   89   39          -   38.69626      -  52.4  330s
 1270210 970606   45.69656   55   37          -   38.70244      -  52.4  335s
 1290729 984507   42.89226   41   80          -   38.70836      -  52.3  340s
 1310879 1002645   58.35640  117   52          -   38.71405      -  52.3  345s
 1332680 1019912   42.16559   39   41          -   38.71981      -  52.2  350s
 1352924 1035939   42.50977   54  116          -   38.72713      -  52.2  355s
 1370796 1050021   73.12602   93   48          -   38.73151      -  52.2  360s
 1392739 1067400   51.27416   57   77          -   38.73667      -  52.2  365s
 1410224 1081380   61.75538  102   43          -   38.74245      -  52.2  370s
 1432866 1099243   48.75210   80   43          -   38.74788      -  52.2  375s
 1452509 1115491   64.06149  120   60          -   38.75183      -  52.2  380s
 1471123 1129649 infeasible  128               -   38.75710      -  52.2  385s
 1489285 1145202   54.41446  105   38          -   38.76136      -  52.2  390s
 1507029 1159315   63.56915   98   16          -   38.76675      -  52.2  395s
 1526776 1175209   40.96706   37   87          -   38.77110      -  52.2  400s
 1546616 1191212   69.41203  101   47          -   38.77622      -  52.2  405s
 1565665 1204817   51.27245   77   44          -   38.77962      -  52.2  410s
 1583993 1221773   73.32185  125   58          -   38.78516      -  52.2  415s
 1604855 1238578   45.60416   46   14          -   38.79013      -  52.2  420s
 1625280 1254566   48.80539   64   72          -   38.79488      -  52.2  425s
 1641858 1268997   47.94463   64   84          -   38.79774      -  52.2  430s
 1662189 1285026 infeasible   98               -   38.80248      -  52.2  435s
 1682606 1301584   42.72563   48   31          -   38.80781      -  52.2  440s
 1701905 1317606   45.28090  104   72          -   38.81222      -  52.2  445s
 1719580 1331248   44.00359   75   51          -   38.81550      -  52.2  450s
 1739477 1347214 infeasible   83               -   38.81995      -  52.2  455s
 1756451 1360852   52.49524   69   31          -   38.82316      -  52.2  460s
 1775713 1377139   50.62024  103   83          -   38.82710      -  52.2  465s
 1794570 1392701   40.84595   48   85          -   38.83021      -  52.2  470s
 1811404 1406405   64.65253   94   58          -   38.83380      -  52.2  475s
 1831590 1422307   56.85120   55   63          -   38.83723      -  52.2  480s
 1851471 1439034   47.69731  102   70          -   38.84071      -  52.3  485s
 1869926 1453918   46.18031   70   51          -   38.84388      -  52.2  490s
 1889269 1469785   53.16600   61   60          -   38.84801      -  52.3  495s
 1906957 1483381   59.20072   88   39          -   38.85066      -  52.2  500s
 1927309 1500351   77.65754  167   43          -   38.85369      -  52.2  505s
 1947546 1516861   44.75840   73   73          -   38.85792      -  52.2  510s
 1962079 1528645   49.77004   73   50          -   38.86057      -  52.2  515s
 1982621 1543127 infeasible   52               -   38.86494      -  52.2  520s
 1999288 1558862   43.27846   58   76          -   38.86769      -  52.2  525s
 2019643 1575341   40.72778   31   67          -   38.87235      -  52.2  530s
 2037197 1589143   44.38615   30   78          -   38.87577      -  52.2  535s
 2057706 1605930   57.55786   99   51          -   38.88064      -  52.2  540s
 2079080 1623243   44.80636   83   64          -   38.88459      -  52.2  545s
 2096484 1637078   59.58309   91   37          -   38.88737      -  52.2  550s
 2116933 1652536   59.93826   53   42          -   38.89168      -  52.2  555s
 2134652 1668273   58.45559  119   65          -   38.89417      -  52.2  560s
 2153262 1682845   48.03810   93   58          -   38.89703      -  52.2  565s
 2173893 1699817   48.15889   76   73          -   38.90050      -  52.2  570s
 2192429 1713882   46.64391   57   14          -   38.90335      -  52.2  575s
 2210060 1728767   44.49959   43   32          -   38.90590      -  52.2  580s
 2231493 1745063   44.05867   61   63          -   38.91039      -  52.2  585s
 2251728 1761769 infeasible  139               -   38.91357      -  52.2  590s
 2269489 1775571   62.09108  119   49          -   38.91702      -  52.2  595s
 2289813 1790205   65.91711  130   62          -   38.92060      -  52.2  600s

Cutting planes:
  Cover: 25
  MIR: 41
  StrongCG: 37
  Flow cover: 14
  GUB cover: 21
  Inf proof: 7
  Zero half: 19
  Mod-K: 1
  Lazy constraints: 2291

Explored 2291343 nodes (119580653 simplex iterations) in 600.04 seconds (440.51 work units)
Thread count was 32 (of 80 available processors)

Solution count 0

Time limit reached
Best objective -, best bound 3.892059556219e+01, gap -

User-callback calls 4621635, time in user-callback 25.89 sec
