Set parameter TokenServer to value "opt-license.discovery.wisc.edu"
Gurobi Optimizer version 9.5.1 build v9.5.1rc2 (linux64)
Thread count: 40 physical cores, 80 logical processors, using up to 32 threads
Optimize a model with 1681 rows, 1600 columns and 6360 nonzeros
Model fingerprint: 0x9b8a610c
Coefficient statistics:
  Matrix range     [1e+00, 7e+02]
  Objective range  [1e+00, 8e+00]
  Bounds range     [1e+00, 1e+00]
  RHS range        [1e+00, 8e+00]
Presolve removed 40 rows and 0 columns
Presolve time: 0.00s
Presolved: 1641 rows, 1600 columns, 6360 nonzeros

Iteration    Objective       Primal Inf.    Dual Inf.      Time
       0    0.0000000e+00   9.940000e+02   0.000000e+00      0s
     410    3.4621253e+01   0.000000e+00   0.000000e+00      0s

Solved in 410 iterations and 0.03 seconds (0.02 work units)
Optimal objective  3.462125286e+01
Set parameter LazyConstraints to value 1
Set parameter TimeLimit to value 600
Gurobi Optimizer version 9.5.1 build v9.5.1rc2 (linux64)
Thread count: 40 physical cores, 80 logical processors, using up to 32 threads
Optimize a model with 1681 rows, 1600 columns and 6360 nonzeros
Model fingerprint: 0xb4bd1dc0
Variable types: 0 continuous, 1600 integer (1600 binary)
Coefficient statistics:
  Matrix range     [1e+00, 7e+02]
  Objective range  [1e+00, 8e+00]
  Bounds range     [1e+00, 1e+00]
  RHS range        [1e+00, 8e+00]
Presolve removed 161 rows and 0 columns
Presolve time: 0.03s
Presolved: 1520 rows, 1600 columns, 6781 nonzeros
Variable types: 0 continuous, 1600 integer (1600 binary)

Root relaxation: objective 3.474955e+01, 430 iterations, 0.02 seconds (0.02 work units)

    Nodes    |    Current Node    |     Objective Bounds      |     Work
 Expl Unexpl |  Obj  Depth IntInf | Incumbent    BestBd   Gap | It/Node Time

     0     0   34.74955    0  132          -   34.74955      -     -    0s
     0     0   35.15058    0  152          -   35.15058      -     -    0s
     0     0   35.52290    0  152          -   35.52290      -     -    0s
     0     0   35.93665    0  147          -   35.93665      -     -    0s
     0     0   35.93730    0  147          -   35.93730      -     -    0s
     0     0   36.10663    0  145          -   36.10663      -     -    0s
     0     0   36.11737    0  148          -   36.11737      -     -    0s
     0     0   36.14469    0  150          -   36.14469      -     -    0s
     0     0   36.14788    0  154          -   36.14788      -     -    0s
     0     0   36.14788    0  154          -   36.14788      -     -    0s
     0     2   36.16413    0  154          -   36.16413      -     -    1s
  4305  3907   40.57724   16  159          -   36.56711      -  23.4    5s
  7703  6105   58.97528   79    -          -   36.77224      -  31.1   10s
 21178 14746   49.66884   84   13          -   36.96297      -  34.2   15s
 40072 30260   38.94745   24  102          -   37.35254      -  37.4   20s
 60382 46693   47.67946   66   39          -   37.47542      -  38.8   25s
 84303 65753   38.33588   27  118          -   37.60511      -  40.7   30s
 103698 81266   41.22371   32   72          -   37.67505      -  42.2   35s
 122803 95633   50.77624   54   10          -   37.73673      -  43.3   40s
 144243 112088   39.88827   41   36          -   37.80843      -  44.4   45s
 167284 129435   38.41345   26   37          -   37.86041      -  45.2   50s
 189162 146053   55.08767   96   50          -   37.90786      -  45.9   55s
 210767 160946   40.47071   28   78          -   37.94986      -  46.4   60s
 231187 177548   43.69842   32   31          -   37.98895      -  46.9   65s
 250139 191552 infeasible   59               -   38.01722      -  47.4   70s
 271234 207724   61.26516   69   55          -   38.04715      -  47.9   75s
 288827 221313   45.41472   75   39          -   38.07094      -  48.3   80s
 307594 235531   40.38774   34  113          -   38.09191      -  48.6   85s
 325797 249896   48.35565   40   56          -   38.12212      -  48.9   90s
 344379 264522   39.68666   28  112          -   38.14885      -  49.3   95s
 365648 280630   41.53358   62   22          -   38.17670      -  49.6  100s
 385749 296340   44.76705   34   81          -   38.19863      -  49.9  105s
 401116 307627   41.28110   44   74          -   38.21934      -  50.2  110s
 420469 323365 infeasible   95               -   38.24146      -  50.5  115s
 439720 338471   40.62907   42   44          -   38.26297      -  50.7  120s
 458596 353398   47.17107   60   33          -   38.28680      -  50.8  125s
 478664 368836   49.09240   54   77          -   38.30455      -  50.8  130s
 494249 380742   52.46555   59   71          -   38.31925      -  50.9  135s
 517416 398800   40.08575   44   85          -   38.33862      -  51.0  140s
 536714 413631   64.13883  110   42          -   38.35609      -  51.1  145s
 552002 425871   49.73524   59   30          -   38.36771      -  51.2  150s
 571705 440658   62.90108  146   16          -   38.38160      -  51.2  155s
 590207 455539   77.79875  102   58          -   38.39426      -  51.4  160s
 609429 469946   55.53853   64   74          -   38.40706      -  51.5  165s
 627850 484738   44.11246   36   75          -   38.42064      -  51.6  170s
 647146 499609   46.79903   61   66          -   38.43425      -  51.6  175s
 662485 511547   49.00094   71   79          -   38.44326      -  51.7  180s
 686338 530123   56.83611   86   56          -   38.46105      -  51.8  185s
 704789 544031   44.82966   36   68          -   38.47089      -  51.8  190s
 723787 558393   54.76246   79   51          -   38.48056      -  51.9  195s
 746458 575017   43.22158   35   69          -   38.49456      -  52.0  200s
 762766 588374   51.15196   78   50          -   38.50350      -  52.1  205s
 781225 602299   45.69987   59   71          -   38.51333      -  52.1  210s
 801643 618009 infeasible   83               -   38.52385      -  52.2  215s
 821048 632766   46.39147   54  106          -   38.53207      -  52.2  220s
 839919 647105   43.94650   58   28          -   38.54105      -  52.3  225s
 856038 659540   44.77007   63   78          -   38.54867      -  52.4  230s
 874936 673776   54.19572   78   64          -   38.55592      -  52.4  235s
 893766 688530   40.65477   39   61          -   38.56526      -  52.5  240s
 911688 702197   43.16604   53   46          -   38.57144      -  52.6  245s
 930583 716093   59.31322   76  110          -   38.58059      -  52.7  250s
 949455 731273   47.54678   66   68          -   38.58903      -  52.7  255s
 964031 742830   61.58763   94   34          -   38.59243      -  52.8  260s
 985810 759496   63.44118   91   26          -   38.60466      -  52.9  265s
 1003812 773619   54.44585  118   80          -   38.60869      -  53.0  270s
 1020818 786610   39.65869   35  109          -   38.61733      -  53.0  275s
 1039519 801405 infeasible  115               -   38.62294      -  53.1  280s
 1057047 815072 infeasible  115               -   38.62906      -  53.2  285s
 1074930 827841   47.47189   56   56          -   38.63736      -  53.3  290s
 1093134 842682   61.44913   91   26          -   38.64326      -  53.3  295s
 1108757 854882   52.81086   82   67          -   38.64758      -  53.3  300s
 1129509 870863   44.33140   47   98          -   38.65440      -  53.4  305s
 1146629 884893 infeasible   57               -   38.66120      -  53.5  310s
 1163170 897576   43.77066   69   47          -   38.66545      -  53.6  315s
 1180516 911366 infeasible  148               -   38.67065      -  53.7  320s
 1197052 924109   39.55264   32   73          -   38.67595      -  53.7  325s
 1213844 937536   49.57938   80   62          -   38.68035      -  53.8  330s
 1232537 952060   60.99673   73   37          -   38.68836      -  53.9  335s
 1250813 966585   45.13345   60   92          -   38.69293      -  53.9  340s
 1265523 977671   45.42163   73   62          -   38.69570      -  54.0  345s
 1283189 991884   42.17564   42   83          -   38.70242      -  54.0  350s
 1301218 1005800   42.34749   47   81          -   38.70720      -  54.1  355s
 1316664 1017965   59.89557   90   43          -   38.71199      -  54.1  360s
 1331381 1029575   49.32355   86   58          -   38.71630      -  54.2  365s
 1350658 1044817   51.69406   88   95          -   38.72209      -  54.2  370s
 1368861 1059009   41.73775   50   92          -   38.72629      -  54.3  375s
 1385200 1072160 infeasible   54               -   38.73202      -  54.3  380s
 1402627 1086075   38.87906   41   31          -   38.73566      -  54.4  385s
 1418252 1098531   52.73740   96  103          -   38.73836      -  54.4  390s
 1433445 1110661   39.52102   35   39          -   38.74332      -  54.4  395s
 1451458 1124085 infeasible   66               -   38.74831      -  54.5  400s
 1466545 1136865   64.78694  101   49          -   38.75367      -  54.5  405s
 1482751 1149604   42.55124   58   47          -   38.75803      -  54.5  410s
 1501819 1164688   47.98816   64   51          -   38.76228      -  54.6  415s
 1518265 1177524   49.09871   63   73          -   38.76517      -  54.6  420s
 1538149 1192576   42.64373   42   47          -   38.77096      -  54.6  425s
 1556750 1208077   64.86972  115   35          -   38.77631      -  54.6  430s
 1574900 1221974 infeasible   96               -   38.78187      -  54.6  435s
 1592613 1235515   68.12097   89   30          -   38.78561      -  54.6  440s
 1608774 1248522   42.24627   43   55          -   38.79013      -  54.6  445s
 1630653 1264879   50.90917   87   29          -   38.79602      -  54.6  450s
 1650634 1280569   41.59198   59   46          -   38.80039      -  54.6  455s
 1667520 1293778   48.28613   35   75          -   38.80571      -  54.6  460s
 1688678 1309287   39.15257   47   37          -   38.81225      -  54.6  465s
 1704952 1322806   58.03730   87   51          -   38.81501      -  54.6  470s
 1722736 1336908   49.56859  102   85          -   38.81957      -  54.6  475s
 1744350 1352536   43.15523   58   64          -   38.82382      -  54.6  480s
 1764956 1369071   55.20536   85   43          -   38.82957      -  54.6  485s
 1783146 1383239   46.95711   53   99          -   38.83372      -  54.6  490s
 1803240 1398936   60.65089  116   50          -   38.83896      -  54.6  495s
 1820630 1412395   55.30937   90   44          -   38.84224      -  54.6  500s
 1836906 1424865   55.30111  121   80          -   38.84719      -  54.6  505s
 1856433 1440365   44.27593   45   98          -   38.85237      -  54.7  510s
 1875877 1455661   50.11187   50   58          -   38.85615      -  54.7  515s
 1893905 1468870   39.51970   31   68          -   38.86020      -  54.7  520s
 1911134 1483004   58.18789   96   45          -   38.86296      -  54.7  525s
 1931377 1498702   66.06502   92   74          -   38.86831      -  54.7  530s
 1948292 1511841   44.68464   72   90          -   38.87086      -  54.7  535s
 1966533 1526053   47.19779   44   32          -   38.87608      -  54.7  540s
 1986243 1541064   70.30968  128   41          -   38.87918      -  54.7  545s
 2004418 1554444   40.92703   32   67          -   38.88436      -  54.7  550s
 2023552 1570213   47.87237   79   22          -   38.88837      -  54.7  555s
 2036882 1580997   73.90868   98   62          -   38.89103      -  54.7  560s
 2056242 1596668   45.91692   82   62          -   38.89567      -  54.7  565s
 2073855 1610657   40.32835   37   90          -   38.89832      -  54.7  570s
 2092136 1624682   59.89591   53   43          -   38.90253      -  54.7  575s
 2109199 1638449   52.11919  123   71          -   38.90609      -  54.7  580s
 2130240 1654872   44.68386   52   49          -   38.91001      -  54.7  585s
 2146387 1667971   64.03899  134   59          -   38.91354      -  54.7  590s
 2165076 1682841   49.47312   40   72          -   38.91760      -  54.7  595s
 2183990 1696845   48.49345   37   43          -   38.92157      -  54.8  600s

Cutting planes:
  Cover: 33
  MIR: 42
  StrongCG: 37
  Flow cover: 15
  GUB cover: 21
  Inf proof: 7
  Zero half: 18
  Mod-K: 3
  Lazy constraints: 2270

Explored 2185776 nodes (119718704 simplex iterations) in 600.04 seconds (442.31 work units)
Thread count was 32 (of 80 available processors)

Solution count 0

Time limit reached
Best objective -, best bound 3.892156722307e+01, gap -

User-callback calls 4411447, time in user-callback 25.59 sec
