{'n_x0_y0': ['n_x1_y0', 'n_x0_y1'], 'n_x0_y1': ['n_x0_y0', 'n_x1_y1', 'n_x0_y2'], 'n_x0_y2': ['n_x0_y1', 'n_x1_y2', 'n_x0_y3'], 'n_x0_y3': ['n_x0_y2', 'n_x1_y3', 'n_x0_y4'], 'n_x0_y4': ['n_x0_y3', 'n_x1_y4', 'n_x0_y5'], 'n_x0_y5': ['n_x0_y4', 'n_x1_y5', 'n_x0_y6'], 'n_x0_y6': ['n_x0_y5', 'n_x1_y6', 'n_x0_y7'], 'n_x0_y7': ['n_x0_y6', 'n_x1_y7'], 'n_x1_y0': ['n_x0_y0', 'n_x2_y0', 'n_x1_y1'], 'n_x1_y1': ['n_x0_y1', 'n_x1_y0', 'n_x2_y1', 'n_x1_y2'], 'n_x1_y2': ['n_x0_y2', 'n_x1_y1', 'n_x2_y2', 'n_x1_y3'], 'n_x1_y3': ['n_x0_y3', 'n_x1_y2', 'n_x2_y3', 'n_x1_y4'], 'n_x1_y4': ['n_x0_y4', 'n_x1_y3', 'n_x2_y4', 'n_x1_y5'], 'n_x1_y5': ['n_x0_y5', 'n_x1_y4', 'n_x2_y5', 'n_x1_y6'], 'n_x1_y6': ['n_x0_y6', 'n_x1_y5', 'n_x2_y6', 'n_x1_y7'], 'n_x1_y7': ['n_x0_y7', 'n_x1_y6', 'n_x2_y7'], 'n_x2_y0': ['n_x1_y0', 'n_x3_y0', 'n_x2_y1'], 'n_x2_y1': ['n_x1_y1', 'n_x2_y0', 'n_x3_y1', 'n_x2_y2'], 'n_x2_y2': ['n_x1_y2', 'n_x2_y1', 'n_x3_y2', 'n_x2_y3'], 'n_x2_y3': ['n_x1_y3', 'n_x2_y2', 'n_x3_y3', 'n_x2_y4'], 'n_x2_y4': ['n_x1_y4', 'n_x2_y3', 'n_x3_y4', 'n_x2_y5'], 'n_x2_y5': ['n_x1_y5', 'n_x2_y4', 'n_x3_y5', 'n_x2_y6'], 'n_x2_y6': ['n_x1_y6', 'n_x2_y5', 'n_x3_y6', 'n_x2_y7'], 'n_x2_y7': ['n_x1_y7', 'n_x2_y6', 'n_x3_y7'], 'n_x3_y0': ['n_x2_y0', 'n_x4_y0', 'n_x3_y1'], 'n_x3_y1': ['n_x2_y1', 'n_x3_y0', 'n_x4_y1', 'n_x3_y2'], 'n_x3_y2': ['n_x2_y2', 'n_x3_y1', 'n_x4_y2', 'n_x3_y3'], 'n_x3_y3': ['n_x2_y3', 'n_x3_y2', 'n_x4_y3', 'n_x3_y4'], 'n_x3_y4': ['n_x2_y4', 'n_x3_y3', 'n_x4_y4', 'n_x3_y5'], 'n_x3_y5': ['n_x2_y5', 'n_x3_y4', 'n_x4_y5', 'n_x3_y6'], 'n_x3_y6': ['n_x2_y6', 'n_x3_y5', 'n_x4_y6', 'n_x3_y7'], 'n_x3_y7': ['n_x2_y7', 'n_x3_y6', 'n_x4_y7'], 'n_x4_y0': ['n_x3_y0', 'n_x4_y1'], 'n_x4_y1': ['n_x3_y1', 'n_x4_y0', 'n_x4_y2'], 'n_x4_y2': ['n_x3_y2', 'n_x4_y1', 'n_x4_y3'], 'n_x4_y3': ['n_x3_y3', 'n_x4_y2', 'n_x4_y4'], 'n_x4_y4': ['n_x3_y4', 'n_x4_y3', 'n_x4_y5'], 'n_x4_y5': ['n_x3_y5', 'n_x4_y4', 'n_x4_y6'], 'n_x4_y6': ['n_x3_y6', 'n_x4_y5', 'n_x4_y7'], 'n_x4_y7': ['n_x3_y7', 'n_x4_y6']}
Set parameter TokenServer to value "opt-license.discovery.wisc.edu"
Set parameter TimeLimit to value 600
Gurobi Optimizer version 9.5.1 build v9.5.1rc2 (linux64)
Thread count: 40 physical cores, 80 logical processors, using up to 32 threads
Optimize a model with 3241 rows, 1600 columns and 10600 nonzeros
Model fingerprint: 0x951be449
Variable types: 0 continuous, 1600 integer (1600 binary)
Coefficient statistics:
  Matrix range     [1e+00, 7e+02]
  Objective range  [1e+00, 8e+00]
  Bounds range     [1e+00, 1e+00]
  RHS range        [1e+00, 8e+00]
Presolve removed 1268 rows and 423 columns
Presolve time: 0.22s
Presolved: 1973 rows, 1177 columns, 6933 nonzeros
Variable types: 0 continuous, 1177 integer (1177 binary)

Root relaxation: objective 3.475286e+01, 454 iterations, 0.03 seconds (0.02 work units)

    Nodes    |    Current Node    |     Objective Bounds      |     Work
 Expl Unexpl |  Obj  Depth IntInf | Incumbent    BestBd   Gap | It/Node Time

     0     0   34.75286    0  131          -   34.75286      -     -    0s
     0     0   35.08939    0  147          -   35.08939      -     -    0s
     0     0   35.14086    0  151          -   35.14086      -     -    0s
     0     0   35.43611    0  152          -   35.43611      -     -    0s
     0     0   35.44057    0  157          -   35.44057      -     -    0s
     0     0   35.44259    0  161          -   35.44259      -     -    0s
     0     0   35.76620    0  142          -   35.76620      -     -    0s
     0     0   35.86292    0  147          -   35.86292      -     -    0s
     0     0   36.16485    0  147          -   36.16485      -     -    0s
     0     0   36.18931    0  146          -   36.18931      -     -    0s
     0     0   36.24002    0  146          -   36.24002      -     -    0s
     0     0   36.24368    0  161          -   36.24368      -     -    0s
     0     0   36.34885    0  152          -   36.34885      -     -    0s
     0     0   36.36104    0  156          -   36.36104      -     -    0s
     0     0   36.36112    0  157          -   36.36112      -     -    1s
     0     0   36.40679    0  162          -   36.40679      -     -    1s
     0     0   36.41016    0  152          -   36.41016      -     -    1s
     0     0   36.42531    0  161          -   36.42531      -     -    1s
     0     0   36.48730    0  150          -   36.48730      -     -    1s
     0     0   36.49017    0  153          -   36.49017      -     -    1s
     0     0   36.51044    0  162          -   36.51044      -     -    1s
     0     0   36.51442    0  169          -   36.51442      -     -    1s
     0     0   36.51535    0  168          -   36.51535      -     -    1s
     0     0   36.51626    0  167          -   36.51626      -     -    1s
     0     0   36.51626    0  167          -   36.51626      -     -    1s
     0     2   36.51884    0  167          -   36.51884      -     -    1s
  3104  2603   40.24813   29  184          -   37.53251      -  38.9    5s
  5810  3673   38.28458   22   86          -   37.79621      -  38.9   10s
 14747  7485   46.71015   63   55          -   38.17455      -  63.4   15s
 26803 13868 infeasible   34               -   38.51681      -  69.7   20s
 38919 20295 infeasible   63               -   38.63168      -  73.6   25s
 55113 29707   41.07403   50   39          -   38.77768      -  76.6   30s
 58524 29708   44.99838   39  167          -   38.80089      -  75.7   39s
 58530 29712   44.19050   57  178          -   38.80089      -  75.7   40s
 58551 29726   39.96226   33  216          -   38.80089      -  75.7   45s
 58571 29739   47.15936   29  221          -   38.80089      -  75.7   50s
 58594 29755   44.04624   45  229          -   38.80089      -  75.7   55s
 58604 29764   38.80089   27  221          -   38.80089      -  75.7   61s
 58610 29774   38.80089   29  207          -   38.80089      -  75.7   66s
 59380 30139   40.14858   42   74          -   38.80089      -  76.8   70s
 61556 30712   39.31739   41  135          -   38.83120      -  78.2   75s
 67043 32170   39.99508   43  103          -   38.93572      -  81.8   80s
 75597 33789   42.39599   58  148          -   39.57631      -  84.8   85s
 84645 36069   40.35677   43  120          -   39.81769      -  86.5   90s
 90546 36334   47.82209   57   56          -   39.90527      -  86.5   95s
 97665 37879   43.32343   68   99          -   40.00219      -  88.9  100s
 106854 40249 infeasible   56               -   40.12655      -  89.4  105s
 117074 42146   47.02057   77   77          -   40.21472      -  89.0  110s
 127912 45011   49.32633   65   76          -   40.31346      -  90.0  115s
 137971 46024   43.67721   60  100          -   40.38494      -  90.1  120s
 147254 48016   43.46960   57   41          -   40.45484      -  90.7  125s
 160848 54499   44.19757   47   75          -   40.54315      -  91.4  131s
 170536 58310   47.66689   58  107          -   40.58114      -  91.7  137s
 176480 62663 infeasible   78               -   40.63194      -  92.2  141s
 187576 69300   54.27938   55  117          -   40.68807      -  92.4  146s
 196818 74124   42.69643   61   90          -   40.73742      -  92.5  150s
 208079 79105   42.32476   63   96          -   40.78513      -  92.1  155s
 221526 85523   44.16108   53   99          -   40.84928      -  92.4  160s
 233623 93021 infeasible   63               -   40.90034      -  92.6  166s
 241519 97948 infeasible   68               -   40.93028      -  92.5  170s
 256728 103509 infeasible   56               -   40.98538      -  91.9  175s
 269620 109843 infeasible   59               -   41.02871      -  91.7  181s
 270803 117108   43.87725   61   83          -   41.03317      -  91.8  185s
 285568 119882 infeasible   61               -   41.07996      -  91.3  191s
 294938 124660 infeasible   70               -   41.11845      -  91.0  195s
 306105 130186   42.66893   70   89          -   41.15352      -  90.7  200s
 317330 136248 infeasible   53               -   41.18563      -  90.6  205s
 329981 143601 infeasible   78               -   41.22205      -  90.4  211s
 343265 148567   45.04162   59  112          -   41.25648      -  90.2  216s
 351738 152807 infeasible   72               -   41.27662      -  90.3  220s
 360967 158892   42.79735   57   93          -   41.30550      -  90.3  225s
 376467 166174   45.88521   88  148          -   41.33952      -  90.2  231s
 384893 170484   46.55877   89  108          -   41.36842      -  90.3  235s
 391802 186303 infeasible   54               -   41.38600      -  90.2  257s
 423834 188908   46.15930   64   85          -   41.45991      -  91.2  260s
 442082 197355 infeasible   77               -   41.51146      -  90.6  266s
 455170 204790 infeasible   88               -   41.53588      -  90.2  271s
 465311 208562 infeasible   71               -   41.55201      -  90.0  275s
 476457 213556 infeasible   59               -   41.57800      -  90.0  280s
 485216 218225   52.78692   68   79          -   41.59786      -  90.0  285s
 496220 222941   43.29352   59   90          -   41.62264      -  90.1  290s
 505999 227567 infeasible   61               -   41.64377      -  90.1  295s
 515038 231252 infeasible   64               -   41.66143      -  90.1  302s
 515323 244603   42.33520   69  103          -   41.66190      -  90.1  319s
 529337 244603 infeasible  130               -   41.66484      -  90.5  320s
 558527 251826   43.95109   60   90          -   41.74613      -  90.7  325s
 572214 258949   43.08726   55  134          -   41.77136      -  90.3  330s
 581253 264629   46.25776  117  150          -   41.78300      -  90.3  335s
 596351 269854   47.99012   94  123          -   41.81595      -  90.2  340s
 605362 274014   45.68912   66   96          -   41.83194      -  90.2  345s
 616411 280033   43.45526   98   89          -   41.85637      -  90.3  350s
 625288 284295   42.41887   70  113          -   41.87242      -  90.3  355s
 639190 288506 infeasible   68               -   41.89723      -  90.2  364s
 639355 301499   43.69810   52   97          -   41.89811      -  90.2  379s
 671387 303905   48.94103   80   93          -   41.95658      -  90.9  382s
 682925 308638 infeasible   95               -   41.97078      -  90.7  386s
 695598 313204   46.91838   93  132          -   41.98955      -  90.5  390s
 708209 318933 infeasible  119               -   42.00894      -  90.3  395s
 717485 324560   49.85965   62   69          -   42.02556      -  90.3  400s
 732681 329913   58.21266   95  130          -   42.05088      -  90.0  405s
 745060 335246   43.93257   55   68          -   42.06961      -  89.9  410s
 756868 338945   46.89053   57   96          -   42.09512      -  89.8  416s
 765565 342231   45.89092   61  121          -   42.11244      -  89.8  421s
 774650 343647   46.64093   87   60          -   42.12832      -  89.7  425s
 784929 348129 infeasible   59               -   42.14939      -  89.7  430s
 797541 352556 infeasible   78               -   42.17285      -  89.6  436s
 807038 355430   43.45567   75   95          -   42.19233      -  89.6  440s
 818307 358409   46.97620  100   81          -   42.21328      -  89.7  445s
 828057 361629 infeasible   63               -   42.23201      -  89.7  450s
 837271 364397   46.83052   50   90          -   42.24803      -  90.0  456s
 848663 368168   45.42311   76   70          -   42.26956      -  90.1  460s
 857694 371812   55.95458   71   90          -   42.28601      -  90.3  465s
 866930 372956   46.41534   95   38          -   42.30098      -  90.3  471s
 872591 375726   43.20327   47  132          -   42.31224      -  90.3  475s
 881090 378395 infeasible   64               -   42.33180      -  90.5  480s
 891684 381372 infeasible   76               -   42.35043      -  90.6  485s
 901531 385600   46.74082   83   90          -   42.37041      -  90.8  491s
 911247 388413   45.14037   54  100          -   42.38381      -  90.8  496s
 920461 391049   46.12841   55  112          -   42.40230      -  91.0  501s
 931106 394646   43.40277   85  131          -   42.41844      -  91.0  506s
 936886 397474   49.71594   60   25          -   42.42889      -  91.1  510s
 947206 400230   42.62910   66   91          -   42.44253      -  91.1  515s
 958314 404036   48.18845   73   53          -   42.46059      -  91.1  520s
 969594 408041   46.73341   67  107          -   42.47728      -  91.1  525s
 979877 411788 infeasible   66               -   42.49168      -  91.1  531s
 987122 412839   49.17489   78   36          -   42.50316      -  91.2  536s
 990683 415017   47.02229   59   91          -   42.50831      -  91.2  540s
 1000437 419410 infeasible   72               -   42.52323      -  91.4  546s
 1009164 421536 infeasible   57               -   42.53554      -  91.3  550s
 1021503 425452 infeasible   60               -   42.55012      -  91.3  555s
 1030137 429146   46.01554   64   58          -   42.56388      -  91.4  560s
 1040656 431705   45.82771   67   68          -   42.58021      -  91.4  565s
 1052513 435231   44.50206   62   83          -   42.59649      -  91.4  570s
 1061220 437689   55.89323   50   74          -   42.60880      -  91.5  575s
 1071889 440851   46.59771   65   59          -   42.62339      -  91.6  580s
 1081082 443722   47.20359   80   82          -   42.63731      -  91.7  585s
 1094606 447773   42.78462   55  108          -   42.65181      -  91.8  590s
 1105816 450790   42.86965   57  111          -   42.66882      -  91.8  595s
 1116384 453560 infeasible   76               -   42.68458      -  92.0  600s

Cutting planes:
  Clique: 1
  MIR: 84
  StrongCG: 46
  Flow cover: 62
  GUB cover: 31
  Zero half: 23
  RLT: 3

Explored 1118352 nodes (103021647 simplex iterations) in 600.02 seconds (370.76 work units)
Thread count was 32 (of 80 available processors)

Solution count 0

Time limit reached
Best objective -, best bound 4.268681888004e+01, gap -
