Set parameter TokenServer to value "opt-license.discovery.wisc.edu"
Set parameter TimeLimit to value 600
Gurobi Optimizer version 9.5.1 build v9.5.1rc2 (linux64)
Thread count: 40 physical cores, 80 logical processors, using up to 32 threads
Optimize a model with 124921 rows, 216000 columns and 685428 nonzeros
Model fingerprint: 0x2af3533c
Variable types: 214400 continuous, 1600 integer (1600 binary)
Coefficient statistics:
  Matrix range     [1e+00, 7e+02]
  Objective range  [1e+00, 8e+00]
  Bounds range     [1e+00, 1e+00]
  RHS range        [1e+00, 8e+00]
Presolve removed 7649 rows and 22442 columns (presolve time = 12s) ...
Presolve removed 17307 rows and 43694 columns (presolve time = 16s) ...
Presolve removed 19239 rows and 46348 columns
Presolve time: 16.42s
Presolved: 105682 rows, 169652 columns, 571830 nonzeros
Variable types: 168099 continuous, 1553 integer (1553 binary)

Deterministic concurrent LP optimizer: primal and dual simplex
Showing first log only...


Root simplex log...

Iteration    Objective       Primal Inf.    Dual Inf.      Time
       0    8.0398346e+01   1.183125e+02   6.907442e+08     19s
Concurrent spin time: 0.00s

Solved with dual simplex

Root relaxation: objective 3.474955e+01, 997 iterations, 1.31 seconds (0.61 work units)
Total elapsed time = 20.37s

    Nodes    |    Current Node    |     Objective Bounds      |     Work
 Expl Unexpl |  Obj  Depth IntInf | Incumbent    BestBd   Gap | It/Node Time

     0     0   34.74955    0  132          -   34.74955      -     -   25s
     0     0   35.15091    0  153          -   35.15091      -     -   32s
     0     0   35.52290    0  151          -   35.52290      -     -   35s
     0     0   36.00833    0  153          -   36.00833      -     -   38s
     0     0   36.04313    0  149          -   36.04313      -     -   39s
     0     0   36.04314    0  151          -   36.04314      -     -   39s
     0     0   36.20952    0  170          -   36.20952      -     -   41s
     0     0   36.21358    0  162          -   36.21358      -     -   42s
     0     0   36.21358    0  162          -   36.21358      -     -   46s
     0     2   36.61488    0  162          -   36.61488      -     -   60s
    95   128   36.77791    7   93          -   36.61488      -   108   65s
   338   379   37.21049   13   39          -   36.61488      -  94.2   70s
   682   706   39.33473   22   14          -   36.61488      -  95.2   75s
  1072   926   44.01573   29   17          -   36.61488      -   112   80s
  1482  1227   36.69988    7   80          -   36.61488      -   116   86s
  1904  1543   37.88764   17   83          -   36.61488      -   118   90s
  2377  1859   40.85020   22   43          -   36.61488      -   124   95s
  2955  2048   37.12198   12  162          -   36.61488      -   126  120s
  2957  2049   37.20522   11  132          -   36.61488      -   126  136s
  2958  2050   42.70608   15  147          -   36.61488      -   126  144s
  2959  2051   38.87725   13  149          -   36.61488      -   126  148s
  2961  2052   39.25707   16  171          -   36.61488      -   126  152s
  2962  2053   41.01744   25  161          -   36.61488      -   126  157s
  2963  2053   37.34300   18  148          -   36.61488      -   126  163s
  2964  2054   44.34011   25  160          -   36.61488      -   126  169s
  2965  2055   37.56499   19  170          -   36.61488      -   126  171s
  2967  2056   39.40205   21  175          -   36.61488      -   126  186s
  2968  2057   46.18482   33  170          -   36.61488      -   126  196s
  2970  2058   39.13038   16  170          -   36.66584      -   126  202s
  2972  2059   39.67881   24  189          -   36.67532      -   126  205s
  2975  2061   39.79557   18  172          -   36.77931      -   126  210s
  2977  2063   48.52657   32  172          -   36.87816      -   126  216s
  2980  2065   42.23428   26  169          -   36.98440      -   125  223s
  2983  2067   38.59943   16  172          -   36.99877      -   125  226s
  2985  2068   38.55680   25  190          -   37.04510      -   125  230s
  2987  2069   42.26475   23  192          -   37.07632      -   125  235s
  2989  2071   39.20863   14  194          -   37.07763      -   125  241s
  2991  2072   42.05677   25  195          -   37.07763      -   125  252s
  2993  2073   37.07763    9  195          -   37.07763      -   125  273s
  2994  2077   37.10274   15  206          -   37.10274      -   2.2  296s
  2996  2080   37.13856   16  185          -   37.13856      -   2.5  315s
  3000  2087   37.34527   17  160          -   37.20635      -   2.9  324s
  3008  2099   37.41319   18  149          -   37.23486      -   3.7  328s
  3024  2123   37.42062   19  142          -   37.37184      -   4.6  337s
  3055  2144   37.44073   20  140          -   37.43541      -   7.7  340s
  3087  2164   37.60447   21  122          -   37.43541      -   9.2  349s
  3119  2185   37.46181   21  148          -   37.43541      -  11.8  351s
  3229  2277   37.71473   23  114          -   37.43541      -  16.9  356s
  3389  2362   38.14245   26   46          -   37.43541      -  23.0  362s
  3496  2461   38.24956   27   73          -   37.43541      -  27.2  365s
  3720  2577   38.38865   31   74          -   37.43541      -  35.3  372s
  3872  2649   38.67452   33   63          -   37.43541      -  41.1  376s
  4037  2736   39.46993   35   63          -   37.43541      -  49.3  382s
  4121  2738   39.19364   37   70          -   37.43541      -  53.2  388s
  4179  2755   39.32322   37   72          -   37.43541      -  56.6  392s
  4242  2767   39.26396   39   51          -   37.43541      -  61.5  396s
  4308  2797   39.52768   40   66          -   37.43541      -  64.4  400s
  4540  2886   40.59770   46   59          -   37.43541      -  74.6  405s
  4667  2888   41.37435   49   72          -   37.43541      -  79.7  410s
  4879  3024   42.52556   52   76          -   37.43541      -  88.0  415s
  5111  3034   42.65402   55   35          -   37.43541      -  95.4  422s
  5170  3080 infeasible   56               -   37.43541      -  97.0  427s
  5273  3205   43.79619   58   57          -   37.43541      -   100  430s
  5680  3421   45.27408   62   44          -   37.43541      -   107  436s
  5907  3512   45.79038   64   68          -   37.43541      -   111  440s
  6140  3492   49.02481   66   64          -   37.43541      -   115  446s
  6264  3649   51.33237   67   43          -   37.43541      -   118  450s
  6800  3768 infeasible   73               -   37.43541      -   124  460s
  6917  3820 infeasible   75               -   37.43541      -   126  472s
  7041  4047 infeasible   76               -   37.46193      -   127  475s
  7377  4190   38.15759   30   57          -   37.46193      -   129  481s
  7710  4127   40.10676   36   49          -   37.46193      -   132  488s
  7796  4213   39.87220   37   62          -   37.46193      -   134  495s
  7971  4342   40.58520   39   44          -   37.46193      -   136  501s
  8239  4559   42.42666   45   30          -   37.46193      -   138  505s
  8688  4648 infeasible   48               -   37.46193      -   140  510s
  9017  4598 infeasible   50               -   37.46193      -   143  518s
  9148  4874   46.08037   50   50          -   37.46193      -   147  523s
  9540  4937   49.10449   58   62          -   37.46193      -   150  530s
  9658  5193   49.43085   60   59          -   37.46193      -   152  535s
 10020  5455 infeasible   64               -   37.51171      -   156  541s
 10389  5572   38.03765   28  100          -   37.51591      -   159  549s
 10585  5607   39.09656   32   10          -   37.51591      -   164  559s
 10653  5739   38.67762   32   45          -   37.51591      -   167  570s
 10820  6108   39.29761   34   30          -   37.51591      -   172  575s
 11271  6234   41.28178   52   48          -   37.51591      -   175  583s
 11479  6344   45.12833   56   21          -   37.51591      -   176  594s
 11631  6721   45.06154   55   65          -   37.51663      -   179  600s

Cutting planes:
  Lift-and-project: 9
  Implied bound: 1
  MIR: 35
  StrongCG: 29
  Flow cover: 4
  GUB cover: 21
  Zero half: 15
  RLT: 2

Explored 12116 nodes (2556781 simplex iterations) in 600.12 seconds (225.55 work units)
Thread count was 32 (of 80 available processors)

Solution count 0

Time limit reached
Best objective -, best bound 3.751662996150e+01, gap -
