Set parameter TokenServer to value "opt-license.discovery.wisc.edu"
Set parameter TimeLimit to value 600
Gurobi Optimizer version 9.5.1 build v9.5.1rc2 (linux64)
Thread count: 40 physical cores, 80 logical processors, using up to 32 threads
Optimize a model with 4841 rows, 6960 columns and 25292 nonzeros
Model fingerprint: 0x7db440df
Variable types: 5360 continuous, 1600 integer (1600 binary)
Coefficient statistics:
  Matrix range     [1e+00, 7e+02]
  Objective range  [1e+00, 8e+00]
  Bounds range     [1e+00, 1e+00]
  RHS range        [1e+00, 8e+00]
Presolve removed 291 rows and 410 columns
Presolve time: 0.25s
Presolved: 4550 rows, 6550 columns, 24327 nonzeros
Variable types: 4976 continuous, 1574 integer (1574 binary)

Root relaxation: objective 3.474955e+01, 594 iterations, 0.05 seconds (0.03 work units)

    Nodes    |    Current Node    |     Objective Bounds      |     Work
 Expl Unexpl |  Obj  Depth IntInf | Incumbent    BestBd   Gap | It/Node Time

     0     0   34.74955    0  132          -   34.74955      -     -    0s
     0     0   35.14830    0  153          -   35.14830      -     -    0s
     0     0   35.15058    0  152          -   35.15058      -     -    0s
     0     0   35.53934    0  153          -   35.53934      -     -    1s
     0     0   35.53934    0  153          -   35.53934      -     -    1s
     0     0   35.89492    0  146          -   35.89492      -     -    1s
     0     0   35.90882    0  160          -   35.90882      -     -    1s
     0     0   36.11728    0  159          -   36.11728      -     -    1s
     0     0   36.15597    0  157          -   36.15597      -     -    1s
     0     0   36.27627    0  145          -   36.27627      -     -    1s
     0     0   36.30028    0  154          -   36.30028      -     -    1s
     0     0   36.44629    0  165          -   36.44629      -     -    1s
     0     0   36.45488    0  173          -   36.45488      -     -    1s
     0     0   36.45959    0  174          -   36.45959      -     -    1s
     0     0   36.45962    0  175          -   36.45962      -     -    1s
     0     0   36.51190    0  154          -   36.51190      -     -    1s
     0     0   36.51549    0  167          -   36.51549      -     -    1s
     0     0   36.51564    0  167          -   36.51564      -     -    1s
     0     0   36.51720    0  167          -   36.51720      -     -    2s
     0     0   36.51720    0  168          -   36.51720      -     -    2s
     0     0   36.51958    0  162          -   36.51958      -     -    2s
     0     0   36.51965    0  164          -   36.51965      -     -    2s
     0     0   36.51972    0  165          -   36.51972      -     -    2s
     0     0   36.51972    0  164          -   36.51972      -     -    2s
     0     2   36.67576    0  164          -   36.67576      -     -    3s
  2905  1975   40.82217   27  164          -   36.72414      -  40.9    5s
  2943  2000   46.88646   30  175          -   37.31451      -  40.4   10s
  2970  2018   37.76060   14  176          -   37.50871      -  40.0   15s
  3209  2213   38.47392   22  126          -   37.58571      -   8.5   20s
  5010  3120   40.51080   43   66          -   37.58571      -  44.9   25s
  7782  4298   42.75841   31   57          -   37.58571      -  67.2   30s
 10000  5295   38.50907   27  125          -   37.71611      -  76.0   36s
 12680  7720   39.28549   25  130          -   37.71962      -  82.5   40s
 17783 10705 infeasible   64               -   37.84096      -  87.1   45s
 23106 14732   44.92717   84   56          -   38.03781      -  90.5   50s
 28587 17776   43.22852   49   91          -   38.12227      -  90.5   55s
 34127 21330   40.76209   46   39          -   38.21145      -  92.6   60s
 40397 25013   40.45837   42   70          -   38.25045      -  93.8   68s
 40564 25463   40.98934   47   40          -   38.25045      -  94.2   70s
 44970 29324   39.57662   31   48          -   38.28716      -  96.4   75s
 53349 33328 infeasible   71               -   38.31970      -  96.2   80s
 59716 36837   40.80763   50  164          -   38.33847      -  96.6  104s
 59720 36840   41.17750   69  159          -   38.33847      -  96.6  105s
 59736 36850   38.87728   33  205          -   38.33847      -  96.6  110s
 59747 36858   42.93011   36  211          -   38.33847      -  96.6  115s
 59759 36866   40.33133   32  240          -   38.33847      -  96.6  120s
 59766 36870   44.89069   61  231          -   38.33847      -  96.6  125s
 59772 36874   45.61335   57  241          -   38.33847      -  96.5  130s
 59778 36878   48.58961   76  208          -   38.33847      -  96.5  135s
 59781 36880   40.25364   60  208          -   38.34136      -  96.5  145s
 59782 36884   38.34136   24  171          -   38.34136      -  96.6  150s
 59784 36887   38.34136   25  166          -   38.34136      -  96.6  155s
 59796 36907   38.34136   27  170          -   38.34136      -  96.6  162s
 59908 36993   38.80836   30  158          -   38.34136      -  96.8  165s
 60656 37487   40.30042   41   85          -   38.34136      -  97.3  170s
 62021 37979   40.58145   62   57          -   38.34136      -  98.4  175s
 63676 38454   38.35916   33  160          -   38.34136      -   100  180s
 65103 38888   40.60235   83   66          -   38.34136      -   100  188s
 65498 39162 infeasible   93               -   38.34136      -   101  190s
 68235 40074   40.29224   39  116          -   38.41542      -   101  195s
 70742 41376   44.16212  102   51          -   38.52726      -   103  200s
 74393 42431 infeasible   69               -   38.67584      -   104  205s
 77248 43310 infeasible   85               -   38.72337      -   105  211s
 79591 44172   51.01823   79   44          -   38.78916      -   107  215s
 83668 45481   39.57262   43   44          -   38.80988      -   108  222s
 85910 46249   40.81115   44   81          -   38.83717      -   108  226s
 89118 47506 infeasible   55               -   38.86284      -   110  233s
 90193 49050   39.64862   40  120          -   38.88394      -   110  236s
 95391 49237 infeasible   75               -   38.91465      -   111  241s
 97230 50658   53.18223   57   82          -   38.91704      -   113  245s
 100250 50340 infeasible   50               -   38.95784      -   113  256s
 100469 50935   39.83134   48   70          -   38.95784      -   113  260s
 103089 52898   41.73088   44  110          -   38.96953      -   115  266s
 107425 54064   40.83237   43   60          -   38.98635      -   115  272s
 110486 53738 infeasible   69               -   39.00340      -   115  275s
 113110 55652   52.93842   78   59          -   39.01653      -   117  282s
 116171 55529 infeasible   66               -   39.02587      -   117  285s
 121090 57295   47.05011   67   81          -   39.06806      -   117  294s
 122911 60935   39.70771   39   98          -   39.07793      -   118  301s
 129399 59619 infeasible   69               -   39.09931      -   118  305s
 132621 60704 infeasible   73               -   39.11744      -   119  313s
 134568 62954   42.03078   46  119          -   39.12949      -   120  319s
 139061 62674   44.93756   42   99          -   39.14521      -   120  324s
 141065 65093 infeasible  103               -   39.14643      -   120  329s
 145854 64635   42.53770   70   60          -   39.17114      -   120  334s
 147782 65414 infeasible   67               -   39.17705      -   121  339s
 150249 66079   46.66810   75   81          -   39.18434      -   122  345s
 152807 65376   41.86215   70   61          -   39.18434      -   122  357s
 153032 67918   42.33782   69   76          -   39.19411      -   122  366s
 157261 70723   45.56776  103   81          -   39.21294      -   124  374s
 163826 70180   48.18820   65   82          -   39.22927      -   123  379s
 166531 70956   43.72000   46   90          -   39.24195      -   124  385s
 169325 73510   40.68396   42   41          -   39.25243      -   125  390s
 175264 74386 infeasible   86               -   39.26047      -   124  395s
 177330 77994   41.63969   63   74          -   39.26806      -   125  400s
 182760 79506 infeasible   82               -   39.28473      -   124  407s
 185298 84371   40.72610   50   64          -   39.28998      -   125  415s
 194450 86384   41.22126   54   95          -   39.30880      -   125  424s
 196273 89146 infeasible   51               -   39.31354      -   125  429s
 200767 90276   40.85478   44   97          -   39.32097      -   125  433s
 202638 92756   48.54068   75   44          -   39.32495      -   125  439s
 206537 94015   40.58233   45  106          -   39.33817      -   125  443s
 208624 97335   42.70397   59   81          -   39.34132      -   126  449s
 213768 98689   41.72238   67   58          -   39.35307      -   125  456s
 216131 100787   41.03105   47  101          -   39.36191      -   126  464s
 219780 105455   40.22449   56   98          -   39.37024      -   126  472s
 226895 106618 infeasible   95               -   39.37863      -   126  477s
 228991 109831   40.26454   35  102          -   39.39085      -   126  482s
 233938 110976   42.11376   39   28          -   39.39861      -   126  488s
 236027 112333   43.56751   52   77          -   39.40342      -   126  493s
 238282 115718   50.48806   68   40          -   39.40725      -   127  499s
 243322 117096 infeasible   88               -   39.41678      -   126  504s
 245766 121782   46.57183   79   94          -   39.42085      -   127  511s
 253174 122732   42.23025   66   56          -   39.43420      -   126  515s
 254873 124011   40.02194   44  131          -   39.43575      -   126  520s
 257052 125824 infeasible   80               -   39.44092      -   127  525s
 260947 127078   44.09006   77   66          -   39.45270      -   127  530s
 262213 130434   49.33995   88   82          -   39.45476      -   127  535s
 269256 132749   42.54447  102   71          -   39.46419      -   127  544s
 271548 136011   43.04876   58   81          -   39.47293      -   127  550s
 276603 137369 infeasible   92               -   39.48192      -   127  557s
 279019 137502   40.56287   47   98          -   39.48513      -   127  569s
 279227 140029   39.87398   47  104          -   39.48525      -   127  578s
 283667 142039 infeasible   87               -   39.49298      -   128  587s
 287167 146714   47.49685   75   43          -   39.49808      -   128  595s
 294579 148091   44.11968   91  107          -   39.50612      -   128  600s

Cutting planes:
  Cover: 5
  Implied bound: 2
  MIR: 87
  StrongCG: 67
  Flow cover: 177
  GUB cover: 23
  Zero half: 24
  Network: 18
  RLT: 1

Explored 296865 nodes (38143891 simplex iterations) in 600.13 seconds (391.33 work units)
Thread count was 32 (of 80 available processors)

Solution count 0

Time limit reached
Best objective -, best bound 3.950732950307e+01, gap -
