{'55041': ['55037', '55067', '55075', '55083', '55085', '55125'], '55043': ['55023', '55049', '55065', '55103'], '55045': ['55025', '55049', '55065', '55105'], '55047': ['55021', '55027', '55039', '55077', '55137', '55139'], '55049': ['55025', '55043', '55045', '55065', '55103', '55111'], '55051': ['55003', '55099', '55125'], '55053': ['55019', '55035', '55057', '55063', '55081', '55121', '55141'], '55055': ['55025', '55027', '55105', '55127', '55133'], '55057': ['55001', '55053', '55081', '55111', '55123', '55141'], '55059': ['55101', '55127'], '55061': ['55009', '55029', '55071'], '55063': ['55053', '55081', '55121', '55123'], '55065': ['55043', '55045', '55049'], '55067': ['55041', '55069', '55073', '55078', '55083', '55085', '55115'], '55069': ['55067', '55073', '55085', '55099', '55119'], '55071': ['55009', '55015', '55061', '55117'], '55073': ['55019', '55067', '55069', '55097', '55115', '55119', '55141'], '55075': ['55037', '55041', '55083'], '55077': ['55001', '55021', '55047', '55137'], '55078': ['55067', '55083', '55115'], '55079': ['55089', '55101', '55133'], '55081': ['55053', '55057', '55063', '55123'], '55083': ['55009', '55041', '55067', '55075', '55078', '55115'], '55085': ['55041', '55067', '55069', '55099', '55125'], '55087': ['55009', '55015', '55115', '55135', '55139'], '55089': ['55079', '55117', '55131'], '55091': ['55011', '55033', '55035', '55093'], '55093': ['55033', '55091', '55109'], '55095': ['55005', '55013', '55109'], '55097': ['55001', '55073', '55135', '55137', '55141'], '55099': ['55003', '55051', '55069', '55085', '55107', '55113', '55119', '55125'], '55101': ['55059', '55079', '55127', '55133'], '55103': ['55023', '55043', '55049', '55111', '55123'], '55105': ['55025', '55045', '55055', '55127'], '55107': ['55005', '55017', '55099', '55113', '55119'], '55109': ['55033', '55093', '55095'], '55111': ['55021', '55025', '55049', '55057', '55103', '55123'], '55113': ['55003', '55007', '55099', '55107', '55129'], '55115': ['55009', '55067', '55073', '55078', '55083', '55087', '55135'], '55117': ['55015', '55039', '55071', '55089', '55131'], '55119': ['55017', '55019', '55069', '55073', '55099', '55107'], '55121': ['55011', '55035', '55053', '55063'], '55123': ['55023', '55057', '55063', '55081', '55103', '55111'], '55125': ['55041', '55051', '55085', '55099'], '55127': ['55055', '55059', '55101', '55105', '55133'], '55001': ['55021', '55057', '55077', '55097', '55137', '55141'], '55129': ['55005', '55013', '55031', '55113'], '55003': ['55007', '55051', '55099', '55113'], '55131': ['55027', '55039', '55089', '55117', '55133'], '55005': ['55013', '55017', '55033', '55095', '55107', '55129'], '55133': ['55027', '55055', '55079', '55101', '55127', '55131'], '55007': ['55003', '55031', '55113'], '55135': ['55087', '55097', '55115', '55137', '55139'], '55009': ['55015', '55061', '55071', '55083', '55087', '55115'], '55137': ['55001', '55047', '55077', '55097', '55135', '55139'], '55011': ['55035', '55091', '55121'], '55139': ['55015', '55039', '55047', '55087', '55135', '55137'], '55013': ['55005', '55031', '55095', '55129'], '55141': ['55001', '55019', '55053', '55057', '55073', '55097'], '55015': ['55009', '55039', '55071', '55087', '55117', '55139'], '55017': ['55005', '55019', '55033', '55035', '55107', '55119'], '55019': ['55017', '55035', '55053', '55073', '55119', '55141'], '55021': ['55001', '55025', '55027', '55047', '55077', '55111'], '55023': ['55043', '55103', '55123'], '55025': ['55021', '55027', '55045', '55049', '55055', '55105', '55111'], '55027': ['55021', '55025', '55039', '55047', '55055', '55131', '55133'], '55029': ['55061'], '55031': ['55007', '55013', '55129'], '55033': ['55005', '55017', '55035', '55091', '55093', '55109'], '55035': ['55011', '55017', '55019', '55033', '55053', '55091', '55121'], '55037': ['55041', '55075'], '55039': ['55015', '55027', '55047', '55117', '55131', '55139']}
Set parameter Username
Academic license - for non-commercial use only - expires 2022-06-20
Gurobi Optimizer version 9.5.1 build v9.5.1rc2 (mac64[x86])
Thread count: 2 physical cores, 4 logical processors, using up to 4 threads
Optimize a model with 10441 rows, 5184 columns and 38232 nonzeros
Model fingerprint: 0xd13b4346
Variable types: 0 continuous, 5184 integer (5184 binary)
Coefficient statistics:
  Matrix range     [1e+00, 4e+05]
  Objective range  [2e-01, 6e+00]
  Bounds range     [1e+00, 1e+00]
  RHS range        [1e+00, 8e+00]
Presolve removed 1243 rows and 194 columns
Presolve time: 0.23s
Presolved: 9198 rows, 4990 columns, 34577 nonzeros
Variable types: 0 continuous, 4990 integer (4990 binary)

Root relaxation: objective 4.614663e+01, 1493 iterations, 0.15 seconds (0.13 work units)

    Nodes    |    Current Node    |     Objective Bounds      |     Work
 Expl Unexpl |  Obj  Depth IntInf | Incumbent    BestBd   Gap | It/Node Time

     0     0   46.14663    0  187          -   46.14663      -     -    0s
     0     0   46.54254    0  236          -   46.54254      -     -    1s
     0     0   46.65327    0  210          -   46.65327      -     -    1s
     0     0   46.65908    0  239          -   46.65908      -     -    1s
     0     0   46.73954    0  182          -   46.73954      -     -    1s
     0     0   46.77560    0  306          -   46.77560      -     -    1s
     0     0   46.79676    0  246          -   46.79676      -     -    1s
     0     0   46.79930    0  318          -   46.79930      -     -    2s
     0     0   46.79930    0  318          -   46.79930      -     -    3s
H    0     0                      49.1745434   46.79930  4.83%     -    3s
     0     0   46.79930    0  185   49.17454   46.79930  4.83%     -    3s
H    0     0                      49.0000352   46.79930  4.49%     -    3s
     0     0   46.79930    0  235   49.00004   46.79930  4.49%     -    4s
H    0     0                      48.9356827   46.79930  4.37%     -    4s
     0     0   46.79930    0  231   48.93568   46.79930  4.37%     -    4s
     0     0   46.79930    0  316   48.93568   46.79930  4.37%     -    4s
     0     0   46.79930    0  316   48.93568   46.79930  4.37%     -    5s
H    0     0                      48.3463943   46.79930  3.20%     -    5s
     0     0   46.79930    0  185   48.34639   46.79930  3.20%     -    6s
     0     0   46.79930    0  242   48.34639   46.79930  3.20%     -    6s
     0     0   46.79930    0  213   48.34639   46.79930  3.20%     -    6s
     0     0   46.79930    0  244   48.34639   46.79930  3.20%     -    6s
     0     0   46.79930    0  316   48.34639   46.79930  3.20%     -    6s
     0     0   46.79930    0  316   48.34639   46.79930  3.20%     -    7s
     0     2   46.79930    0  316   48.34639   46.79930  3.20%     -    7s
H   78    66                      47.6747415   46.97059  1.48%  68.9    8s
H  123    77                      47.6047132   47.03000  1.21%  61.8    8s
   374    80   47.49630   13  106   47.60471   47.34548  0.54%  54.9   10s

Cutting planes:
  Clique: 4
  MIR: 1
  StrongCG: 3
  GUB cover: 8
  Zero half: 1
  RLT: 2

Explored 501 nodes (33553 simplex iterations) in 10.66 seconds (6.19 work units)
Thread count was 4 (of 4 available processors)

Solution count 6: 47.6047 47.6747 48.3464 ... 49.1745

Optimal solution found (tolerance 1.00e-04)
Best objective 4.760471323992e+01, best bound 4.760471323992e+01, gap 0.0000%
