Set parameter Username
Academic license - for non-commercial use only - expires 2022-06-20
Gurobi Optimizer version 9.5.1 build v9.5.1rc2 (mac64[x86])
Thread count: 2 physical cores, 4 logical processors, using up to 4 threads
Optimize a model with 124921 rows, 216000 columns and 685428 nonzeros
Model fingerprint: 0x0907a597
Variable types: 214400 continuous, 1600 integer (1600 binary)
Coefficient statistics:
  Matrix range     [1e+00, 7e+02]
  Objective range  [1e+00, 8e+00]
  Bounds range     [1e+00, 1e+00]
  RHS range        [1e+00, 6e+00]
Presolve removed 7528 rows and 22442 columns (presolve time = 5s) ...
Presolve removed 7528 rows and 22442 columns
Presolve time: 5.21s
Presolved: 117393 rows, 193558 columns, 645876 nonzeros
Variable types: 191958 continuous, 1600 integer (1600 binary)

Deterministic concurrent LP optimizer: primal and dual simplex
Showing first log only...


Root simplex log...

Iteration    Objective       Primal Inf.    Dual Inf.      Time
       0    8.7077847e+01   1.445312e+02   8.623770e+08      9s
Concurrent spin time: 0.00s

Solved with dual simplex

Root relaxation: objective 4.006054e+01, 1180 iterations, 2.30 seconds (0.70 work units)
Total elapsed time = 10.21s

    Nodes    |    Current Node    |     Objective Bounds      |     Work
 Expl Unexpl |  Obj  Depth IntInf | Incumbent    BestBd   Gap | It/Node Time

     0     0   40.06054    0  111          -   40.06054      -     -   14s
     0     0   40.24573    0  108          -   40.24573      -     -   21s
     0     0   40.24573    0  108          -   40.24573      -     -   22s
     0     0   40.52959    0  133          -   40.52959      -     -   25s
     0     0   40.69708    0  133          -   40.69708      -     -   26s
     0     0   40.69754    0  142          -   40.69754      -     -   28s
     0     0   40.77765    0  111          -   40.77765      -     -   30s
     0     0   40.97612    0  123          -   40.97612      -     -   32s
     0     0   41.10140    0  134          -   41.10140      -     -   33s
     0     0   41.20715    0  175          -   41.20715      -     -   36s
     0     0   41.32923    0  128          -   41.32923      -     -   38s
     0     0   41.32923    0  128          -   41.32923      -     -   38s
     0     0   41.37858    0  166          -   41.37858      -     -   40s
     0     0   41.37858    0  166          -   41.37858      -     -   41s
     0     0   41.38769    0  165          -   41.38769      -     -   42s
     0     0   41.38769    0  165          -   41.38769      -     -   45s
     0     2   41.68092    0  165          -   41.68092      -     -   57s
    11    14   42.82719    5   33          -   41.68092      -  86.5   60s
    49    49   46.47121   19   13          -   41.68092      -  98.3   65s
   105    81 infeasible   19               -   41.68092      -   133   70s
   164   127   44.51337   16   41          -   41.68092      -   151   75s
   226   153   56.97539   24   22          -   41.68092      -   172   80s
   319   213   41.92825    6   37          -   41.70769      -   153   85s
   384   243   48.29800   28    2          -   41.70769      -   144   91s
*  393   232              33      49.7699765   41.70769  16.2%   143   91s
H  414   223                      48.9481221   41.78488  14.6%   138   94s
   416   238   41.87880    5  108   48.94812   41.78488  14.6%   138   95s
   453   259   45.99393   13   21   48.94812   41.78869  14.6%   131  100s
   512   284     cutoff   19        48.94812   41.81206  14.6%   124  106s
H  520   274                      48.1355629   41.81206  13.1%   124  107s
   551   303   42.06648    7   98   48.13556   41.83637  13.1%   121  111s
*  579   265              27      45.6721940   41.86582  8.33%   119  113s
*  583   258              26      45.4202581   41.86582  7.83%   118  113s
   600   269   42.03808    7  100   45.42026   41.87997  7.79%   116  116s
H  609   211                      44.0864075   41.87997  5.00%   115  116s
   672   236   42.43242    8   26   44.08641   41.91847  4.92%   110  121s
   735   249   42.82742    6  165   44.08641   41.94190  4.86%   104  147s
   737   250   43.50735   11  112   44.08641   41.94190  4.86%   104  151s
   742   254   42.33343    9  165   44.08641   41.94190  4.86%   103  155s
   746   256   43.46178   13  150   44.08641   41.94190  4.86%   102  160s
   749   258   43.46178   13  168   44.08641   41.94190  4.86%   102  165s
H  751   246                      43.8503396   41.94190  4.35%   102  169s
   754   248   43.49383   21  172   43.85034   41.94190  4.35%   101  170s
   759   252   43.09235   14  111   43.85034   41.94190  4.35%   106  178s
   761   254   42.53731   10  145   43.85034   41.94190  4.35%   106  180s
   769   259   42.94626   12  171   43.85034   41.94190  4.35%   105  185s
   774   262   43.22431   11  170   43.85034   41.94190  4.35%   104  191s
   778   265   42.94163   16  177   43.85034   41.94190  4.35%   103  195s
   780   266   43.62285   13  173   43.85034   41.94190  4.35%   103  201s
   782   268   43.58912   11  173   43.85034   41.94190  4.35%   103  205s
   783   271   42.09653   20  148   43.85034   41.94190  4.35%   108  212s
   797   283   42.47303   24   30   43.85034   41.94190  4.35%   109  215s
   838   281   41.95527   24  116   43.85034   41.94190  4.35%   109  220s
   881   292   42.89587   37   68   43.85034   41.94190  4.35%   109  225s
   981   303   42.34982   33   93   43.85034   41.96916  4.29%   103  230s
  1134   297   43.61848   35   32   43.85034   42.05653  4.09%  98.9  235s
  1299   314   42.97358   34   77   43.85034   42.23626  3.68%  94.5  240s
  1458   311     cutoff   28        43.85034   42.26742  3.61%  91.4  245s
  1565   298   43.40185   28   59   43.85034   42.29139  3.56%  90.5  250s
  1631   311   43.07994   40   55   43.85034   42.37780  3.36%  90.4  256s
  1720   328     cutoff   40        43.85034   42.41931  3.26%  89.4  260s
  1824   355   43.78349   31   57   43.85034   42.45485  3.18%  88.8  266s
